<?xml version="1.0" encoding="UTF-8"?>
<!-- Generated by org.testng.reporters.JUnitReportReporter -->
<testsuite hostname="IN-PG0342V7" failures="0" tests="4" name="api.test.UserTest" time="10.908" errors="0" timestamp="2025-02-26T11:53:21 IST" skipped="0">
  <testcase classname="api.test.UserTest" name="testPostUser" time="4.010"/>
  <system-out/>
  <testcase classname="api.test.UserTest" name="testGetUserByName" time="1.724"/>
  <system-out/>
  <testcase classname="api.test.UserTest" name="testUpdateUser" time="3.576"/>
  <system-out/>
  <testcase classname="api.test.UserTest" name="testDeleteUserByName" time="1.598"/>
  <system-out/>
</testsuite> <!-- api.test.UserTest -->
